------------------------------------------------------------------------------------------------------------------------

[2020-11-07 14:04:26 #1 store] 
Database 'D:\Downloads\Bets01_2021\Bets01_2021\src\main\resources\bets.temp' is opened by 17664@PCcito

[2020-11-07 14:04:26 #2 type] 
Type domain.Event is not enhanced.

[2020-11-07 14:04:26 #3 type] 
Type domain.Question is not enhanced.

------------------------------------------------------------------------------------------------------------------------

[2020-11-07 14:09:10 #1 store] 
Database 'D:\Downloads\Bets01_2021\Bets01_2021\src\main\resources\bets.temp' is opened by 8992@PCcito

[2020-11-07 14:09:10 #2 type] 
Type domain.Event is not enhanced.

[2020-11-07 14:09:10 #3 type] 
Type domain.Question is not enhanced.

------------------------------------------------------------------------------------------------------------------------

[2020-11-07 14:21:13 #1 store] 
Database 'D:\Downloads\Bets01_2021\Bets01_2021\src\main\resources\bets.temp' is opened by 13808@PCcito

[2020-11-07 14:21:13 #2 type] 
Type domain.Event is not enhanced.

[2020-11-07 14:21:13 #3 type] 
Type domain.Question is not enhanced.

------------------------------------------------------------------------------------------------------------------------

[2020-11-07 14:24:43 #1 store] 
Database 'D:\Downloads\Bets01_2021\Bets01_2021\src\main\resources\bets.temp' is opened by 10756@PCcito

[2020-11-07 14:24:43 #2 type] 
Type domain.Event is not enhanced.

[2020-11-07 14:24:43 #3 type] 
Type domain.Question is not enhanced.

------------------------------------------------------------------------------------------------------------------------

[2020-11-07 15:15:27 #1 store] 
Database 'D:\Downloads\Bets01_2021\Bets01_2021\src\main\resources\bets.temp' is opened by 27716@PCcito

[2020-11-07 15:15:27 #2 type] 
Type domain.Event is not enhanced.

[2020-11-07 15:15:27 #3 type] 
Type domain.Question is not enhanced.

------------------------------------------------------------------------------------------------------------------------

[2020-11-07 15:21:04 #1 store] 
Database 'D:\Downloads\Bets01_2021\Bets01_2021\src\main\resources\bets.temp' is opened by 1572@PCcito

[2020-11-07 15:21:04 #2 type] 
Type domain.Event is not enhanced.

[2020-11-07 15:21:04 #3 type] 
Type domain.Question is not enhanced.

------------------------------------------------------------------------------------------------------------------------

[2020-11-07 15:21:52 #1 store] 
Database 'D:\Downloads\Bets01_2021\Bets01_2021\src\main\resources\bets.temp' is opened by 14512@PCcito

[2020-11-07 15:21:53 #2 type] 
Type domain.Event is not enhanced.

[2020-11-07 15:21:53 #3 type] 
Type domain.Question is not enhanced.

------------------------------------------------------------------------------------------------------------------------

[2020-11-07 15:24:32 #1 store] 
Database 'D:\Downloads\Bets01_2021\Bets01_2021\src\main\resources\bets.temp' is opened by 8680@PCcito

[2020-11-07 15:24:32 #2 type.registry] 
New type domain.Question

[2020-11-07 15:24:32 #3 type] 
Type domain.Question is not enhanced.

[2020-11-07 15:24:32 #4 type.registry] 
New type domain.Event

[2020-11-07 15:24:32 #5 type] 
Type domain.Event is not enhanced.

[2020-11-07 15:24:32 #6 type.registry] 
New type java.util.Vector<domain.Question>

[2020-11-07 15:24:32 #7 type.registry] 
New type java.util.Vector<java.lang.Object>

------------------------------------------------------------------------------------------------------------------------

[2020-11-07 15:24:49 #1 store] 
Database 'D:\Downloads\Bets01_2021\Bets01_2021\src\main\resources\bets.temp' is opened by 15948@PCcito

[2020-11-07 15:24:49 #2 type.registry] 
New type domain.Question

[2020-11-07 15:24:49 #3 type] 
Type domain.Question is not enhanced.

[2020-11-07 15:24:49 #4 type.registry] 
New type domain.Event

[2020-11-07 15:24:49 #5 type] 
Type domain.Event is not enhanced.

[2020-11-07 15:24:49 #6 type.registry] 
New type java.util.Vector<domain.Question>

[2020-11-07 15:24:49 #7 type.registry] 
New type java.util.Vector<java.lang.Object>

------------------------------------------------------------------------------------------------------------------------

[2020-11-07 15:25:33 #1 store] 
Database 'D:\Downloads\Bets01_2021\Bets01_2021\src\main\resources\bets.temp' has been recovered (tr. 1-5)

[2020-11-07 15:25:34 #2 store] 
Database 'D:\Downloads\Bets01_2021\Bets01_2021\src\main\resources\bets.temp' is opened by 18116@PCcito

[2020-11-07 15:25:34 #3 type] 
Type domain.Question is not enhanced.

[2020-11-07 15:25:34 #4 type] 
Type domain.Event is not enhanced.

------------------------------------------------------------------------------------------------------------------------

[2020-11-07 15:25:50 #1 store] 
Database 'D:\Downloads\Bets01_2021\Bets01_2021\src\main\resources\bets.temp' is opened by 5252@PCcito

[2020-11-07 15:25:50 #2 type] 
Type domain.Question is not enhanced.

[2020-11-07 15:25:50 #3 type] 
Type domain.Event is not enhanced.

------------------------------------------------------------------------------------------------------------------------

[2020-11-07 15:27:31 #1 store] 
Database 'D:\Downloads\Bets01_2021\Bets01_2021\src\main\resources\bets.temp' is opened by 17716@PCcito

[2020-11-07 15:27:31 #2 type] 
Type domain.Question is not enhanced.

[2020-11-07 15:27:31 #3 type] 
Type domain.Event is not enhanced.

------------------------------------------------------------------------------------------------------------------------

[2020-11-07 15:28:17 #1 store] 
Database 'D:\Downloads\Bets01_2021\Bets01_2021\src\main\resources\bets.temp' is opened by 22768@PCcito

[2020-11-07 15:28:17 #2 type] 
Type domain.Question is not enhanced.

[2020-11-07 15:28:17 #3 type] 
Type domain.Event is not enhanced.

------------------------------------------------------------------------------------------------------------------------

[2020-11-07 15:29:17 #1 store] 
Database 'D:\Downloads\Bets01_2021\Bets01_2021\src\main\resources\bets.temp' is opened by 26052@PCcito

[2020-11-07 15:29:17 #2 type] 
Type domain.Question is not enhanced.

[2020-11-07 15:29:17 #3 type] 
Type domain.Event is not enhanced.

------------------------------------------------------------------------------------------------------------------------

[2020-11-07 15:29:21 #1 store] 
Database 'D:\Downloads\Bets01_2021\Bets01_2021\src\main\resources\bets.temp' is opened by 2948@PCcito

[2020-11-07 15:29:21 #2 type] 
Type domain.Question is not enhanced.

[2020-11-07 15:29:21 #3 type] 
Type domain.Event is not enhanced.

------------------------------------------------------------------------------------------------------------------------

[2020-11-07 15:29:28 #1 store] 
Database 'D:\Downloads\Bets01_2021\Bets01_2021\src\main\resources\bets.temp' is opened by 532@PCcito

[2020-11-07 15:29:28 #2 type] 
Type domain.Question is not enhanced.

[2020-11-07 15:29:28 #3 type] 
Type domain.Event is not enhanced.

------------------------------------------------------------------------------------------------------------------------

[2020-11-07 15:30:23 #1 store] 
Database 'D:\Downloads\Bets01_2021\Bets01_2021\src\main\resources\bets.temp' is opened by 25916@PCcito

[2020-11-07 15:30:23 #2 type] 
Type domain.Question is not enhanced.

[2020-11-07 15:30:23 #3 type] 
Type domain.Event is not enhanced.

------------------------------------------------------------------------------------------------------------------------

[2020-11-07 15:33:39 #1 store] 
Database 'D:\Downloads\Bets01_2021\Bets01_2021\src\main\resources\bets.temp' is opened by 11292@PCcito

[2020-11-07 15:33:39 #2 type] 
Type domain.Question is not enhanced.

[2020-11-07 15:33:39 #3 type] 
Type domain.Event is not enhanced.

------------------------------------------------------------------------------------------------------------------------

[2020-11-07 15:33:46 #1 store] 
Database 'D:\Downloads\Bets01_2021\Bets01_2021\src\main\resources\bets.temp' is opened by 14144@PCcito

[2020-11-07 15:33:47 #2 type] 
Type domain.Question is not enhanced.

[2020-11-07 15:33:47 #3 type] 
Type domain.Event is not enhanced.

------------------------------------------------------------------------------------------------------------------------

[2020-11-07 15:34:39 #1 store] 
Database 'D:\Downloads\Bets01_2021\Bets01_2021\src\main\resources\bets.temp' is opened by 26176@PCcito

[2020-11-07 15:34:39 #2 type] 
Type domain.Question is not enhanced.

[2020-11-07 15:34:39 #3 type] 
Type domain.Event is not enhanced.

------------------------------------------------------------------------------------------------------------------------

[2020-11-07 15:35:07 #1 store] 
Database 'D:\Downloads\Bets01_2021\Bets01_2021\src\main\resources\bets.temp' is opened by 16928@PCcito

[2020-11-07 15:35:07 #2 type.registry] 
New type domain.Question

[2020-11-07 15:35:07 #3 type] 
Type domain.Question is not enhanced.

[2020-11-07 15:35:07 #4 type.registry] 
New type domain.Event

[2020-11-07 15:35:07 #5 type] 
Type domain.Event is not enhanced.

[2020-11-07 15:35:07 #6 type.registry] 
New type java.util.Vector<domain.Question>

[2020-11-07 15:35:07 #7 type.registry] 
New type java.util.Vector<java.lang.Object>

------------------------------------------------------------------------------------------------------------------------

[2020-11-07 15:35:32 #1 store] 
Database 'D:\Downloads\Bets01_2021\Bets01_2021\src\main\resources\bets.temp' is opened by 11896@PCcito

[2020-11-07 15:35:32 #2 type.registry] 
New type domain.Question

[2020-11-07 15:35:32 #3 type] 
Type domain.Question is not enhanced.

[2020-11-07 15:35:32 #4 type.registry] 
New type domain.Event

[2020-11-07 15:35:32 #5 type] 
Type domain.Event is not enhanced.

[2020-11-07 15:35:32 #6 type.registry] 
New type java.util.Vector<domain.Question>

[2020-11-07 15:35:32 #7 type.registry] 
New type java.util.Vector<java.lang.Object>

------------------------------------------------------------------------------------------------------------------------

[2020-11-07 15:36:18 #1 store] 
Database 'D:\Downloads\Bets01_2021\Bets01_2021\src\main\resources\bets.temp' is opened by 22412@PCcito

[2020-11-07 15:36:18 #2 type.registry] 
New type domain.Question

[2020-11-07 15:36:18 #3 type] 
Type domain.Question is not enhanced.

[2020-11-07 15:36:18 #4 type.registry] 
New type domain.Event

[2020-11-07 15:36:18 #5 type] 
Type domain.Event is not enhanced.

[2020-11-07 15:36:18 #6 type.registry] 
New type java.util.Vector<domain.Question>

[2020-11-07 15:36:18 #7 type.registry] 
New type java.util.Vector<java.lang.Object>

------------------------------------------------------------------------------------------------------------------------

[2020-11-07 15:36:49 #1 store] 
Database 'D:\Downloads\Bets01_2021\Bets01_2021\src\main\resources\bets.temp' has been recovered (tr. 1-5)

[2020-11-07 15:36:49 #2 store] 
Database 'D:\Downloads\Bets01_2021\Bets01_2021\src\main\resources\bets.temp' is opened by 8436@PCcito

[2020-11-07 15:36:49 #3 type] 
Type domain.Question is not enhanced.

[2020-11-07 15:36:49 #4 type] 
Type domain.Event is not enhanced.

------------------------------------------------------------------------------------------------------------------------

[2020-11-07 15:48:56 #1 store] 
Database 'D:\Downloads\Bets01_2021\Bets01_2021\src\main\resources\bets.temp' is opened by 11588@PCcito

[2020-11-07 15:48:56 #2 type] 
Type domain.Question is not enhanced.

[2020-11-07 15:48:56 #3 type] 
Type domain.Event is not enhanced.

------------------------------------------------------------------------------------------------------------------------

[2020-11-07 15:49:13 #1 store] 
Database 'D:\Downloads\Bets01_2021\Bets01_2021\src\main\resources\bets.temp' is opened by 13508@PCcito

[2020-11-07 15:49:13 #2 type] 
Type domain.Question is not enhanced.

[2020-11-07 15:49:13 #3 type] 
Type domain.Event is not enhanced.

------------------------------------------------------------------------------------------------------------------------

[2020-11-07 15:49:27 #1 store] 
Database 'D:\Downloads\Bets01_2021\Bets01_2021\src\main\resources\bets.temp' is opened by 17756@PCcito

[2020-11-07 15:49:27 #2 type] 
Type domain.Question is not enhanced.

[2020-11-07 15:49:27 #3 type] 
Type domain.Event is not enhanced.

------------------------------------------------------------------------------------------------------------------------

[2020-11-07 15:49:56 #1 store] 
Database 'D:\Downloads\Bets01_2021\Bets01_2021\src\main\resources\bets.temp' is opened by 15624@PCcito

[2020-11-07 15:49:56 #2 type] 
Type domain.Question is not enhanced.

[2020-11-07 15:49:56 #3 type] 
Type domain.Event is not enhanced.

------------------------------------------------------------------------------------------------------------------------

[2020-11-07 15:51:39 #1 store] 
Database 'D:\Downloads\Bets01_2021\Bets01_2021\src\main\resources\bets.temp' is opened by 25640@PCcito

[2020-11-07 15:51:39 #2 type] 
Type domain.Question is not enhanced.

[2020-11-07 15:51:39 #3 type] 
Type domain.Event is not enhanced.

------------------------------------------------------------------------------------------------------------------------

[2020-11-07 15:53:44 #1 store] 
Database 'D:\Downloads\Bets01_2021\Bets01_2021\src\main\resources\bets.temp' is opened by 28200@PCcito

[2020-11-07 15:53:44 #2 type] 
Type domain.Question is not enhanced.

[2020-11-07 15:53:44 #3 type] 
Type domain.Event is not enhanced.

------------------------------------------------------------------------------------------------------------------------

[2020-11-07 15:54:06 #1 store] 
Database 'D:\Downloads\Bets01_2021\Bets01_2021\src\main\resources\bets.temp' is opened by 21364@PCcito

[2020-11-07 15:54:07 #2 type] 
Type domain.Question is not enhanced.

[2020-11-07 15:54:07 #3 type] 
Type domain.Event is not enhanced.

------------------------------------------------------------------------------------------------------------------------

[2020-11-07 15:57:30 #1 store] 
Database 'D:\Downloads\Bets01_2021\Bets01_2021\src\main\resources\bets.temp' is opened by 27596@PCcito

[2020-11-07 15:57:30 #2 type] 
Type domain.Question is not enhanced.

[2020-11-07 15:57:30 #3 type] 
Type domain.Event is not enhanced.

------------------------------------------------------------------------------------------------------------------------

[2020-11-07 15:59:46 #1 store] 
Database 'D:\Downloads\Bets01_2021\Bets01_2021\src\main\resources\bets.temp' is opened by 25196@PCcito

[2020-11-07 15:59:46 #2 type] 
Type domain.Question is not enhanced.

[2020-11-07 15:59:46 #3 type] 
Type domain.Event is not enhanced.

------------------------------------------------------------------------------------------------------------------------

[2020-11-07 16:00:31 #1 store] 
Database 'D:\Downloads\Bets01_2021\Bets01_2021\src\main\resources\bets.temp' is opened by 22868@PCcito

[2020-11-07 16:00:31 #2 type] 
Type domain.Question is not enhanced.

[2020-11-07 16:00:31 #3 type] 
Type domain.Event is not enhanced.

------------------------------------------------------------------------------------------------------------------------

[2020-11-07 16:00:51 #1 store] 
Database 'D:\Downloads\Bets01_2021\Bets01_2021\src\main\resources\bets.temp' is opened by 15768@PCcito

[2020-11-07 16:00:51 #2 type.registry] 
New type domain.Question

[2020-11-07 16:00:51 #3 type] 
Type domain.Question is not enhanced.

[2020-11-07 16:00:51 #4 type.registry] 
New type domain.Event

[2020-11-07 16:00:51 #5 type] 
Type domain.Event is not enhanced.

[2020-11-07 16:00:51 #6 type.registry] 
New type java.util.Vector<domain.Question>

[2020-11-07 16:00:51 #7 type.registry] 
New type java.util.Vector<java.lang.Object>

------------------------------------------------------------------------------------------------------------------------

[2020-11-07 16:01:53 #1 store] 
Database 'D:\Downloads\Bets01_2021\Bets01_2021\src\main\resources\bets.temp' is opened by 25724@PCcito

[2020-11-07 16:01:53 #2 type.registry] 
New type domain.Question

[2020-11-07 16:01:53 #3 type] 
Type domain.Question is not enhanced.

[2020-11-07 16:01:53 #4 type.registry] 
New type domain.Event

[2020-11-07 16:01:53 #5 type] 
Type domain.Event is not enhanced.

[2020-11-07 16:01:53 #6 type.registry] 
New type java.util.Vector<domain.Question>

[2020-11-07 16:01:53 #7 type.registry] 
New type java.util.Vector<java.lang.Object>

------------------------------------------------------------------------------------------------------------------------

[2020-11-07 16:05:53 #1 store] 
Database 'D:\Downloads\Bets01_2021\Bets01_2021\src\main\resources\bets.temp' is opened by 12260@PCcito

[2020-11-07 16:05:53 #2 type.registry] 
New type domain.Question

[2020-11-07 16:05:53 #3 type] 
Type domain.Question is not enhanced.

[2020-11-07 16:05:53 #4 type.registry] 
New type domain.Event

[2020-11-07 16:05:53 #5 type] 
Type domain.Event is not enhanced.

[2020-11-07 16:05:53 #6 type.registry] 
New type java.util.Vector<domain.Question>

[2020-11-07 16:05:53 #7 type.registry] 
New type java.util.Vector<java.lang.Object>

------------------------------------------------------------------------------------------------------------------------

[2020-11-07 16:06:01 #1 store] 
Database 'D:\Downloads\Bets01_2021\Bets01_2021\src\main\resources\bets.temp' has been recovered (tr. 1-5)

[2020-11-07 16:06:01 #2 store] 
Database 'D:\Downloads\Bets01_2021\Bets01_2021\src\main\resources\bets.temp' is opened by 8380@PCcito

[2020-11-07 16:06:02 #3 type] 
Type domain.Question is not enhanced.

[2020-11-07 16:06:02 #4 type] 
Type domain.Event is not enhanced.

------------------------------------------------------------------------------------------------------------------------

[2020-11-07 16:06:32 #1 store] 
Database 'D:\Downloads\Bets01_2021\Bets01_2021\src\main\resources\bets.temp' is opened by 23944@PCcito

[2020-11-07 16:06:32 #2 type] 
Type domain.Question is not enhanced.

[2020-11-07 16:06:32 #3 type] 
Type domain.Event is not enhanced.

------------------------------------------------------------------------------------------------------------------------

[2020-11-07 16:07:44 #1 store] 
Database 'D:\Downloads\Bets01_2021\Bets01_2021\src\main\resources\bets.temp' is opened by 10400@PCcito

[2020-11-07 16:07:44 #2 type] 
Type domain.Question is not enhanced.

[2020-11-07 16:07:44 #3 type] 
Type domain.Event is not enhanced.

------------------------------------------------------------------------------------------------------------------------

[2020-11-07 16:09:04 #1 store] 
Database 'D:\Downloads\Bets01_2021\Bets01_2021\src\main\resources\bets.temp' is opened by 11232@PCcito

[2020-11-07 16:09:04 #2 type] 
Type domain.Question is not enhanced.

[2020-11-07 16:09:04 #3 type] 
Type domain.Event is not enhanced.

------------------------------------------------------------------------------------------------------------------------

[2020-11-07 16:46:10 #1 store] 
Database 'D:\Downloads\Bets01_2021\Bets01_2021\src\main\resources\bets.temp' is opened by 10428@PCcito

[2020-11-07 16:46:10 #2 type] 
Type domain.Question is not enhanced.

[2020-11-07 16:46:10 #3 type] 
Type domain.Event is not enhanced.

------------------------------------------------------------------------------------------------------------------------

[2020-11-07 17:14:57 #1 store] 
Database 'D:\Downloads\Bets01_2021\Bets01_2021\src\main\resources\bets.temp' is opened by 16192@PCcito

[2020-11-07 17:14:57 #2 type] 
Type domain.Question is not enhanced.

[2020-11-07 17:14:57 #3 type] 
Type domain.Event is not enhanced.

------------------------------------------------------------------------------------------------------------------------

[2020-11-07 17:18:19 #1 store] 
Database 'D:\Downloads\Bets01_2021\Bets01_2021\src\main\resources\bets.temp' is opened by 29560@PCcito

[2020-11-07 17:18:20 #2 type] 
Type domain.Question is not enhanced.

[2020-11-07 17:18:20 #3 type] 
Type domain.Event is not enhanced.

------------------------------------------------------------------------------------------------------------------------

[2020-11-07 17:20:25 #1 store] 
Database 'D:\Downloads\Bets01_2021\Bets01_2021\src\main\resources\bets.temp' is opened by 16344@PCcito

[2020-11-07 17:20:25 #2 type] 
Type domain.Question is not enhanced.

[2020-11-07 17:20:25 #3 type] 
Type domain.Event is not enhanced.

------------------------------------------------------------------------------------------------------------------------

[2020-11-07 17:22:09 #1 store] 
Database 'D:\Downloads\Bets01_2021\Bets01_2021\src\main\resources\bets.temp' is opened by 9248@PCcito

[2020-11-07 17:22:09 #2 type] 
Type domain.Question is not enhanced.

[2020-11-07 17:22:09 #3 type] 
Type domain.Event is not enhanced.

------------------------------------------------------------------------------------------------------------------------

[2020-11-07 17:24:50 #1 store] 
Database 'D:\Downloads\Bets01_2021\Bets01_2021\src\main\resources\bets.temp' is opened by 2024@PCcito

[2020-11-07 17:24:50 #2 type] 
Type domain.Question is not enhanced.

[2020-11-07 17:24:50 #3 type] 
Type domain.Event is not enhanced.

------------------------------------------------------------------------------------------------------------------------

[2020-11-07 17:25:59 #1 store] 
Database 'D:\Downloads\Bets01_2021\Bets01_2021\src\main\resources\bets.temp' is opened by 12128@PCcito

[2020-11-07 17:25:59 #2 type] 
Type domain.Question is not enhanced.

[2020-11-07 17:25:59 #3 type] 
Type domain.Event is not enhanced.

------------------------------------------------------------------------------------------------------------------------

[2020-11-07 17:27:45 #1 store] 
Database 'D:\Downloads\Bets01_2021\Bets01_2021\src\main\resources\bets.temp' is opened by 28868@PCcito

[2020-11-07 17:27:45 #2 type.registry] 
New type domain.Question

[2020-11-07 17:27:45 #3 type] 
Type domain.Question is not enhanced.

[2020-11-07 17:27:45 #4 type.registry] 
New type domain.Event

[2020-11-07 17:27:45 #5 type] 
Type domain.Event is not enhanced.

[2020-11-07 17:27:45 #6 type.registry] 
New type java.util.Vector<domain.Question>

[2020-11-07 17:27:45 #7 type.registry] 
New type domain.Bet

[2020-11-07 17:27:45 #8 type] 
Type domain.Bet is not enhanced.

[2020-11-07 17:27:45 #9 type.registry] 
New type domain.User

[2020-11-07 17:27:45 #10 type] 
Type domain.User is not enhanced.

[2020-11-07 17:27:45 #11 type.registry] 
New type java.util.Vector<domain.Bet>

[2020-11-07 17:27:45 #12 type.registry] 
New type java.util.Vector<java.lang.Object>

------------------------------------------------------------------------------------------------------------------------

[2020-11-07 17:28:53 #1 store] 
Database 'D:\Downloads\Bets01_2021\Bets01_2021\src\main\resources\bets.temp' is opened by 24460@PCcito

[2020-11-07 17:28:54 #2 type.registry] 
New type domain.Question

[2020-11-07 17:28:54 #3 type] 
Type domain.Question is not enhanced.

[2020-11-07 17:28:54 #4 type.registry] 
New type domain.Event

[2020-11-07 17:28:54 #5 type] 
Type domain.Event is not enhanced.

[2020-11-07 17:28:54 #6 type.registry] 
New type java.util.Vector<domain.Question>

[2020-11-07 17:28:54 #7 type.registry] 
New type domain.Bet

[2020-11-07 17:28:54 #8 type] 
Type domain.Bet is not enhanced.

[2020-11-07 17:28:54 #9 type.registry] 
New type domain.User

[2020-11-07 17:28:54 #10 type] 
Type domain.User is not enhanced.

[2020-11-07 17:28:54 #11 type.registry] 
New type java.util.Vector<domain.Bet>

[2020-11-07 17:28:54 #12 type.registry] 
New type java.util.Vector<java.lang.Object>

------------------------------------------------------------------------------------------------------------------------

[2020-11-07 17:29:30 #1 store] 
Database 'D:\Downloads\Bets01_2021\Bets01_2021\src\main\resources\bets.temp' is opened by 29104@PCcito

[2020-11-07 17:29:30 #2 type.registry] 
New type domain.Question

[2020-11-07 17:29:30 #3 type] 
Type domain.Question is not enhanced.

[2020-11-07 17:29:30 #4 type.registry] 
New type domain.Event

[2020-11-07 17:29:30 #5 type] 
Type domain.Event is not enhanced.

[2020-11-07 17:29:30 #6 type.registry] 
New type java.util.Vector<domain.Question>

[2020-11-07 17:29:30 #7 type.registry] 
New type domain.Bet

[2020-11-07 17:29:30 #8 type] 
Type domain.Bet is not enhanced.

[2020-11-07 17:29:30 #9 type.registry] 
New type domain.User

[2020-11-07 17:29:30 #10 type] 
Type domain.User is not enhanced.

[2020-11-07 17:29:30 #11 type.registry] 
New type java.util.Vector<domain.Bet>

[2020-11-07 17:29:30 #12 type.registry] 
New type java.util.Vector<java.lang.Object>

------------------------------------------------------------------------------------------------------------------------

[2020-11-07 17:30:18 #1 store] 
Database 'D:\Downloads\Bets01_2021\Bets01_2021\src\main\resources\bets.temp' is opened by 11792@PCcito

[2020-11-07 17:30:18 #2 type.registry] 
New type domain.Question

[2020-11-07 17:30:18 #3 type] 
Type domain.Question is not enhanced.

[2020-11-07 17:30:18 #4 type.registry] 
New type domain.Event

[2020-11-07 17:30:18 #5 type] 
Type domain.Event is not enhanced.

[2020-11-07 17:30:18 #6 type.registry] 
New type java.util.Vector<domain.Question>

[2020-11-07 17:30:18 #7 type.registry] 
New type domain.User

[2020-11-07 17:30:18 #8 type] 
Type domain.User is not enhanced.

[2020-11-07 17:30:18 #9 type.registry] 
New type domain.Bet

[2020-11-07 17:30:18 #10 type.registry] 
New type java.util.Vector<domain.Bet>

[2020-11-07 17:30:18 #11 type] 
Type domain.Bet is not enhanced.

[2020-11-07 17:30:18 #12 type.registry] 
New type java.util.Vector<java.lang.Object>

------------------------------------------------------------------------------------------------------------------------

[2020-11-07 17:31:09 #1 store] 
Database 'D:\Downloads\Bets01_2021\Bets01_2021\src\main\resources\bets.temp' has been recovered (tr. 1-6)

[2020-11-07 17:31:09 #2 store] 
Database 'D:\Downloads\Bets01_2021\Bets01_2021\src\main\resources\bets.temp' is opened by 10676@PCcito

[2020-11-07 17:31:09 #3 type] 
Type domain.Question is not enhanced.

[2020-11-07 17:31:09 #4 type] 
Type domain.Event is not enhanced.

[2020-11-07 17:31:09 #5 type] 
Type domain.User is not enhanced.

[2020-11-07 17:31:09 #6 type] 
Type domain.Bet is not enhanced.

------------------------------------------------------------------------------------------------------------------------

[2020-11-07 17:32:00 #1 store] 
Database 'D:\Downloads\Bets01_2021\Bets01_2021\src\main\resources\bets.temp' is opened by 23760@PCcito

[2020-11-07 17:32:01 #2 type] 
Type domain.Question is not enhanced.

[2020-11-07 17:32:01 #3 type] 
Type domain.Event is not enhanced.

[2020-11-07 17:32:01 #4 type] 
Type domain.User is not enhanced.

[2020-11-07 17:32:01 #5 type] 
Type domain.Bet is not enhanced.

------------------------------------------------------------------------------------------------------------------------

[2020-11-07 17:36:21 #1 store] 
Database 'D:\Downloads\Bets01_2021\Bets01_2021\src\main\resources\bets.temp' is opened by 21636@PCcito

[2020-11-07 17:36:21 #2 type] 
Type domain.Question is not enhanced.

[2020-11-07 17:36:21 #3 type] 
Type domain.Event is not enhanced.

[2020-11-07 17:36:21 #4 type] 
Type domain.User is not enhanced.

[2020-11-07 17:36:21 #5 type] 
Type domain.Bet is not enhanced.

------------------------------------------------------------------------------------------------------------------------

[2020-11-07 17:36:38 #1 store] 
Database 'D:\Downloads\Bets01_2021\Bets01_2021\src\main\resources\bets.temp' is opened by 14044@PCcito

[2020-11-07 17:36:38 #2 type] 
Type domain.Question is not enhanced.

[2020-11-07 17:36:38 #3 type] 
Type domain.Event is not enhanced.

[2020-11-07 17:36:38 #4 type] 
Type domain.User is not enhanced.

[2020-11-07 17:36:38 #5 type] 
Type domain.Bet is not enhanced.

------------------------------------------------------------------------------------------------------------------------

[2020-11-07 17:49:35 #1 store] 
Database 'D:\Downloads\Bets01_2021\Bets01_2021\src\main\resources\bets.temp' is opened by 19496@PCcito

[2020-11-07 17:49:35 #2 type] 
Type domain.Question is not enhanced.

[2020-11-07 17:49:35 #3 type] 
Type domain.Event is not enhanced.

[2020-11-07 17:49:35 #4 type] 
Type domain.User is not enhanced.

[2020-11-07 17:49:35 #5 type] 
Type domain.Bet is not enhanced.

------------------------------------------------------------------------------------------------------------------------

[2020-11-07 17:52:39 #1 store] 
Database 'D:\Downloads\Bets01_2021\Bets01_2021\src\main\resources\bets.temp' is opened by 21124@PCcito

[2020-11-07 17:52:39 #2 type] 
Type domain.Question is not enhanced.

[2020-11-07 17:52:39 #3 type] 
Type domain.Event is not enhanced.

[2020-11-07 17:52:39 #4 type] 
Type domain.User is not enhanced.

[2020-11-07 17:52:39 #5 type] 
Type domain.Bet is not enhanced.

------------------------------------------------------------------------------------------------------------------------

[2020-11-07 17:52:57 #1 store] 
Database 'D:\Downloads\Bets01_2021\Bets01_2021\src\main\resources\bets.temp' is opened by 15480@PCcito

[2020-11-07 17:52:57 #2 type] 
Type domain.Question is not enhanced.

[2020-11-07 17:52:57 #3 type] 
Type domain.Event is not enhanced.

[2020-11-07 17:52:57 #4 type] 
Type domain.User is not enhanced.

[2020-11-07 17:52:57 #5 type] 
Type domain.Bet is not enhanced.

------------------------------------------------------------------------------------------------------------------------

[2020-11-07 17:53:06 #1 store] 
Database 'D:\Downloads\Bets01_2021\Bets01_2021\src\main\resources\bets.temp' is opened by 17996@PCcito

[2020-11-07 17:53:06 #2 type] 
Type domain.Question is not enhanced.

[2020-11-07 17:53:06 #3 type] 
Type domain.Event is not enhanced.

[2020-11-07 17:53:06 #4 type] 
Type domain.User is not enhanced.

[2020-11-07 17:53:06 #5 type] 
Type domain.Bet is not enhanced.

------------------------------------------------------------------------------------------------------------------------

[2020-11-07 17:54:30 #1 store] 
Database 'D:\Downloads\Bets01_2021\Bets01_2021\src\main\resources\bets.temp' is opened by 22596@PCcito

[2020-11-07 17:54:30 #2 type] 
Type domain.Question is not enhanced.

[2020-11-07 17:54:30 #3 type] 
Type domain.Event is not enhanced.

[2020-11-07 17:54:30 #4 type] 
Type domain.User is not enhanced.

[2020-11-07 17:54:30 #5 type] 
Type domain.Bet is not enhanced.

------------------------------------------------------------------------------------------------------------------------

[2020-11-07 17:55:06 #1 store] 
Database 'D:\Downloads\Bets01_2021\Bets01_2021\src\main\resources\bets.temp' is opened by 15512@PCcito

[2020-11-07 17:55:06 #2 type] 
Type domain.Question is not enhanced.

[2020-11-07 17:55:06 #3 type] 
Type domain.Event is not enhanced.

[2020-11-07 17:55:06 #4 type] 
Type domain.User is not enhanced.

[2020-11-07 17:55:06 #5 type] 
Type domain.Bet is not enhanced.

------------------------------------------------------------------------------------------------------------------------

[2020-11-07 17:59:31 #1 store] 
Database 'D:\Downloads\Bets01_2021\Bets01_2021\src\main\resources\bets.temp' is opened by 20556@PCcito

[2020-11-07 17:59:31 #2 type] 
Type domain.Question is not enhanced.

[2020-11-07 17:59:31 #3 type] 
Type domain.Event is not enhanced.

[2020-11-07 17:59:31 #4 type] 
Type domain.User is not enhanced.

[2020-11-07 17:59:31 #5 type] 
Type domain.Bet is not enhanced.

------------------------------------------------------------------------------------------------------------------------

[2020-11-07 18:12:11 #1 store] 
Database 'D:\Downloads\Bets01_2021\Bets01_2021\src\main\resources\bets.temp' is opened by 20424@PCcito

[2020-11-07 18:12:11 #2 type] 
Type domain.Question is not enhanced.

[2020-11-07 18:12:11 #3 type] 
Type domain.Event is not enhanced.

[2020-11-07 18:12:11 #4 type] 
Type domain.User is not enhanced.

[2020-11-07 18:12:11 #5 type] 
Type domain.Bet is not enhanced.

------------------------------------------------------------------------------------------------------------------------

[2020-11-07 18:14:27 #1 store] 
Database 'D:\Downloads\Bets01_2021\Bets01_2021\src\main\resources\bets.temp' is opened by 20068@PCcito

[2020-11-07 18:14:27 #2 type] 
Type domain.Question is not enhanced.

[2020-11-07 18:14:27 #3 type] 
Type domain.Event is not enhanced.

[2020-11-07 18:14:27 #4 type] 
Type domain.User is not enhanced.

[2020-11-07 18:14:27 #5 type] 
Type domain.Bet is not enhanced.

------------------------------------------------------------------------------------------------------------------------

[2020-11-07 18:15:04 #1 store] 
Database 'D:\Downloads\Bets01_2021\Bets01_2021\src\main\resources\bets.temp' is opened by 18556@PCcito

[2020-11-07 18:15:04 #2 type] 
Type domain.Question is not enhanced.

[2020-11-07 18:15:04 #3 type] 
Type domain.Event is not enhanced.

[2020-11-07 18:15:04 #4 type] 
Type domain.User is not enhanced.

[2020-11-07 18:15:04 #5 type] 
Type domain.Bet is not enhanced.

------------------------------------------------------------------------------------------------------------------------

[2020-11-07 18:16:11 #1 store] 
Database 'D:\Downloads\Bets01_2021\Bets01_2021\src\main\resources\bets.temp' is opened by 13540@PCcito

[2020-11-07 18:16:11 #2 type] 
Type domain.Question is not enhanced.

[2020-11-07 18:16:11 #3 type] 
Type domain.Event is not enhanced.

[2020-11-07 18:16:11 #4 type] 
Type domain.User is not enhanced.

[2020-11-07 18:16:11 #5 type] 
Type domain.Bet is not enhanced.

------------------------------------------------------------------------------------------------------------------------

[2020-11-07 18:17:15 #1 store] 
Database 'D:\Downloads\Bets01_2021\Bets01_2021\src\main\resources\bets.temp' is opened by 16296@PCcito

[2020-11-07 18:17:15 #2 type.registry] 
New type domain.Question

[2020-11-07 18:17:15 #3 type] 
Type domain.Question is not enhanced.

[2020-11-07 18:17:15 #4 type.registry] 
New type domain.Event

[2020-11-07 18:17:15 #5 type] 
Type domain.Event is not enhanced.

[2020-11-07 18:17:15 #6 type.registry] 
New type java.util.Vector<domain.Question>

[2020-11-07 18:17:15 #7 type.registry] 
New type domain.User

[2020-11-07 18:17:15 #8 type] 
Type domain.User is not enhanced.

[2020-11-07 18:17:15 #9 type.registry] 
New type domain.Bet

[2020-11-07 18:17:15 #10 type.registry] 
New type java.util.Vector<domain.Bet>

[2020-11-07 18:17:15 #11 type] 
Type domain.Bet is not enhanced.

[2020-11-07 18:17:15 #12 type.registry] 
New type java.util.Vector<java.lang.Object>

------------------------------------------------------------------------------------------------------------------------

[2020-11-07 18:17:24 #1 store] 
Database 'D:\Downloads\Bets01_2021\Bets01_2021\src\main\resources\bets.temp' has been recovered (tr. 1-6)

[2020-11-07 18:17:24 #2 store] 
Database 'D:\Downloads\Bets01_2021\Bets01_2021\src\main\resources\bets.temp' is opened by 28496@PCcito

[2020-11-07 18:17:24 #3 type] 
Type domain.Question is not enhanced.

[2020-11-07 18:17:24 #4 type] 
Type domain.Event is not enhanced.

[2020-11-07 18:17:24 #5 type] 
Type domain.User is not enhanced.

[2020-11-07 18:17:24 #6 type] 
Type domain.Bet is not enhanced.

------------------------------------------------------------------------------------------------------------------------

[2020-11-07 18:19:08 #1 store] 
Database 'D:\Downloads\Bets01_2021\Bets01_2021\src\main\resources\bets.temp' is opened by 2860@PCcito

[2020-11-07 18:19:08 #2 type] 
Type domain.Question is not enhanced.

[2020-11-07 18:19:08 #3 type] 
Type domain.Event is not enhanced.

[2020-11-07 18:19:08 #4 type] 
Type domain.User is not enhanced.

[2020-11-07 18:19:08 #5 type] 
Type domain.Bet is not enhanced.

------------------------------------------------------------------------------------------------------------------------

[2020-11-07 18:22:41 #1 store] 
Database 'D:\Downloads\Bets01_2021\Bets01_2021\src\main\resources\bets.temp' is opened by 28272@PCcito

[2020-11-07 18:22:41 #2 type.registry] 
New type domain.Question

[2020-11-07 18:22:41 #3 type] 
Type domain.Question is not enhanced.

[2020-11-07 18:22:41 #4 type.registry] 
New type domain.Event

[2020-11-07 18:22:41 #5 type] 
Type domain.Event is not enhanced.

[2020-11-07 18:22:41 #6 type.registry] 
New type java.util.Vector<domain.Question>

[2020-11-07 18:22:41 #7 type.registry] 
New type domain.User

[2020-11-07 18:22:41 #8 type] 
Type domain.User is not enhanced.

[2020-11-07 18:22:41 #9 type.registry] 
New type domain.Bet

[2020-11-07 18:22:41 #10 type.registry] 
New type java.util.Vector<domain.Bet>

[2020-11-07 18:22:41 #11 type] 
Type domain.Bet is not enhanced.

[2020-11-07 18:22:41 #12 type.registry] 
New type java.util.Vector<java.lang.Object>

------------------------------------------------------------------------------------------------------------------------

[2020-11-07 18:23:20 #1 store] 
Database 'D:\Downloads\Bets01_2021\Bets01_2021\src\main\resources\bets.temp' has been recovered (tr. 1-6)

[2020-11-07 18:23:21 #2 store] 
Database 'D:\Downloads\Bets01_2021\Bets01_2021\src\main\resources\bets.temp' is opened by 10828@PCcito

[2020-11-07 18:23:21 #3 type] 
Type domain.Question is not enhanced.

[2020-11-07 18:23:21 #4 type] 
Type domain.Event is not enhanced.

[2020-11-07 18:23:21 #5 type] 
Type domain.User is not enhanced.

[2020-11-07 18:23:21 #6 type] 
Type domain.Bet is not enhanced.

------------------------------------------------------------------------------------------------------------------------

[2020-11-07 19:59:53 #1 store] 
Database 'D:\Downloads\Bets01_2021\Bets01_2021\src\main\resources\bets.temp' is opened by 25164@PCcito

[2020-11-07 19:59:53 #2 type] 
Type domain.Question is not enhanced.

[2020-11-07 19:59:53 #3 type] 
Type domain.Event is not enhanced.

[2020-11-07 19:59:53 #4 type] 
Type domain.User is not enhanced.

[2020-11-07 19:59:53 #5 type] 
Type domain.Bet is not enhanced.

------------------------------------------------------------------------------------------------------------------------

[2020-11-07 20:00:12 #1 store] 
Database 'D:\Downloads\Bets01_2021\Bets01_2021\src\main\resources\bets.temp' is opened by 27560@PCcito

[2020-11-07 20:00:12 #2 type] 
Type domain.Question is not enhanced.

[2020-11-07 20:00:12 #3 type] 
Type domain.Event is not enhanced.

[2020-11-07 20:00:12 #4 type] 
Type domain.User is not enhanced.

[2020-11-07 20:00:12 #5 type] 
Type domain.Bet is not enhanced.

------------------------------------------------------------------------------------------------------------------------

[2020-11-07 20:13:24 #1 store] 
Database 'D:\Downloads\Bets01_2021\Bets01_2021\src\main\resources\bets.temp' is opened by 26372@PCcito

[2020-11-07 20:13:24 #2 type] 
Type domain.Question is not enhanced.

[2020-11-07 20:13:24 #3 type] 
Type domain.Event is not enhanced.

[2020-11-07 20:13:24 #4 type] 
Type domain.User is not enhanced.

[2020-11-07 20:13:24 #5 type] 
Type domain.Bet is not enhanced.

------------------------------------------------------------------------------------------------------------------------

[2020-11-07 20:19:37 #1 store] 
Database 'D:\Downloads\Bets01_2021\Bets01_2021\src\main\resources\bets.temp' is opened by 22132@PCcito

[2020-11-07 20:19:37 #2 type] 
Type domain.Question is not enhanced.

[2020-11-07 20:19:37 #3 type] 
Type domain.Event is not enhanced.

[2020-11-07 20:19:37 #4 type] 
Type domain.User is not enhanced.

[2020-11-07 20:19:37 #5 type] 
Type domain.Bet is not enhanced.

------------------------------------------------------------------------------------------------------------------------

[2020-11-07 20:35:22 #1 store] 
Database 'D:\Downloads\Bets01_2021\Bets01_2021\src\main\resources\bets.temp' is opened by 14264@PCcito

[2020-11-07 20:35:22 #2 type] 
Type domain.Question is not enhanced.

[2020-11-07 20:35:22 #3 type] 
Type domain.Event is not enhanced.

[2020-11-07 20:35:22 #4 type] 
Type domain.User is not enhanced.

[2020-11-07 20:35:22 #5 type] 
Type domain.Bet is not enhanced.

