------------------------------------------------------------------------------------------------------------------------

[2020-09-28 10:50:26 #1 store] 
Database 'C:\Users\jipurlom\git\BetsJon2021\src\main\resources\bets.temp' is opened by 12596@U110603

[2020-09-28 10:50:26 #2 type] 
Type domain.Question is not enhanced.

[2020-09-28 10:50:26 #3 type] 
Type domain.Event is not enhanced.

------------------------------------------------------------------------------------------------------------------------

[2020-09-28 10:50:41 #1 store] 
Database 'C:\Users\jipurlom\git\BetsJon2021\src\main\resources\bets.temp' has been recovered (tr. 456-467)

[2020-09-28 10:50:41 #2 store] 
Database 'C:\Users\jipurlom\git\BetsJon2021\src\main\resources\bets.temp' is opened by 5196@U110603

[2020-09-28 10:50:41 #3 type] 
Type domain.Question is not enhanced.

[2020-09-28 10:50:41 #4 type] 
Type domain.Event is not enhanced.

------------------------------------------------------------------------------------------------------------------------

[2020-09-28 10:52:31 #1 store] 
Database 'C:\Users\jipurlom\git\BetsJon2021\src\main\resources\bets.temp' has been recovered (tr. 468-473)

[2020-09-28 10:52:31 #2 store] 
Database 'C:\Users\jipurlom\git\BetsJon2021\src\main\resources\bets.temp' is opened by 5516@U110603

[2020-09-28 10:52:31 #3 type] 
Type domain.Question is not enhanced.

[2020-09-28 10:52:31 #4 type] 
Type domain.Event is not enhanced.

------------------------------------------------------------------------------------------------------------------------

[2020-09-28 10:52:42 #1 store] 
Database 'C:\Users\jipurlom\git\BetsJon2021\src\main\resources\bets.temp' has been recovered (tr. 474-479)

[2020-09-28 10:52:42 #2 store] 
Database 'C:\Users\jipurlom\git\BetsJon2021\src\main\resources\bets.temp' is opened by 6380@U110603

[2020-09-28 10:52:42 #3 type] 
Type domain.Question is not enhanced.

[2020-09-28 10:52:42 #4 type] 
Type domain.Event is not enhanced.

------------------------------------------------------------------------------------------------------------------------

[2020-09-28 10:53:23 #1 store] 
Database 'C:\Users\jipurlom\git\BetsJon2021\src\main\resources\bets.temp' is opened by 8620@U110603

[2020-09-28 10:53:23 #2 type] 
Type domain.Question is not enhanced.

[2020-09-28 10:53:23 #3 type] 
Type domain.Event is not enhanced.

------------------------------------------------------------------------------------------------------------------------

[2020-09-28 10:53:30 #1 store] 
Database 'C:\Users\jipurlom\git\BetsJon2021\src\main\resources\bets.temp' has been recovered (tr. 480-491)

[2020-09-28 10:53:30 #2 store] 
Database 'C:\Users\jipurlom\git\BetsJon2021\src\main\resources\bets.temp' is opened by 9596@U110603

[2020-09-28 10:53:30 #3 type] 
Type domain.Question is not enhanced.

[2020-09-28 10:53:30 #4 type] 
Type domain.Event is not enhanced.

------------------------------------------------------------------------------------------------------------------------

[2020-09-28 10:55:12 #1 store] 
Database 'C:\Users\jipurlom\git\BetsJon2021\src\main\resources\bets.temp' has been recovered (tr. 492-497)

[2020-09-28 10:55:12 #2 store] 
Database 'C:\Users\jipurlom\git\BetsJon2021\src\main\resources\bets.temp' is opened by 9988@U110603

[2020-09-28 10:55:12 #3 type] 
Type domain.Question is not enhanced.

[2020-09-28 10:55:12 #4 type] 
Type domain.Event is not enhanced.

------------------------------------------------------------------------------------------------------------------------

[2020-09-28 10:55:54 #1 store] 
Database 'C:\Users\jipurlom\git\BetsJon2021\src\main\resources\bets.temp' has been recovered (tr. 510-515)

[2020-09-28 10:55:54 #2 store] 
Database 'C:\Users\jipurlom\git\BetsJon2021\src\main\resources\bets.temp' is opened by 6156@U110603

[2020-09-28 10:55:54 #3 type] 
Type domain.Question is not enhanced.

[2020-09-28 10:55:54 #4 type] 
Type domain.Event is not enhanced.

------------------------------------------------------------------------------------------------------------------------

[2020-09-28 10:56:22 #1 store] 
Database 'C:\Users\jipurlom\git\BetsJon2021\src\main\resources\bets.temp' has been recovered (tr. 516-521)

[2020-09-28 10:56:22 #2 store] 
Database 'C:\Users\jipurlom\git\BetsJon2021\src\main\resources\bets.temp' is opened by 5568@U110603

[2020-09-28 10:56:22 #3 type] 
Type domain.Question is not enhanced.

[2020-09-28 10:56:22 #4 type] 
Type domain.Event is not enhanced.

