------------------------------------------------------------------------------------------------------------------------

[2020-09-30 16:01:46 #1 store] 
Database 'C:\Users\jipurlom\git\BetsJon2021\src\main\resources\bets.temp' has been recovered (tr. 582-593)

[2020-09-30 16:01:46 #2 store] 
Database 'C:\Users\jipurlom\git\BetsJon2021\src\main\resources\bets.temp' is opened by 3980@U110603

[2020-09-30 16:01:46 #3 type] 
Type domain.Question is not enhanced.

[2020-09-30 16:01:46 #4 type] 
Type domain.Event is not enhanced.

------------------------------------------------------------------------------------------------------------------------

[2020-09-30 16:03:28 #1 store] 
Database 'C:\Users\jipurlom\git\BetsJon2021\src\main\resources\bets.temp' has been recovered (tr. 594-605)

[2020-09-30 16:03:28 #2 store] 
Database 'C:\Users\jipurlom\git\BetsJon2021\src\main\resources\bets.temp' is opened by 16012@U110603

[2020-09-30 16:03:28 #3 type] 
Type domain.Question is not enhanced.

[2020-09-30 16:03:28 #4 type] 
Type domain.Event is not enhanced.

------------------------------------------------------------------------------------------------------------------------

[2020-09-30 16:13:29 #1 store] 
Database 'C:\Users\jipurlom\git\BetsJon2021\src\main\resources\bets.temp' has been recovered (tr. 606-617)

[2020-09-30 16:13:29 #2 store] 
Database 'C:\Users\jipurlom\git\BetsJon2021\src\main\resources\bets.temp' is opened by 13904@U110603

[2020-09-30 16:13:29 #3 type] 
Type domain.Question is not enhanced.

[2020-09-30 16:13:29 #4 type] 
Type domain.Event is not enhanced.

------------------------------------------------------------------------------------------------------------------------

[2020-09-30 16:31:47 #1 store] 
Database 'C:\Users\jipurlom\git\BetsJon2021\src\main\resources\bets.temp' has been recovered (tr. 618-629)

[2020-09-30 16:31:47 #2 store] 
Database 'C:\Users\jipurlom\git\BetsJon2021\src\main\resources\bets.temp' is opened by 7576@U110603

[2020-09-30 16:31:47 #3 type] 
Type domain.Question is not enhanced.

[2020-09-30 16:31:47 #4 type] 
Type domain.Event is not enhanced.

------------------------------------------------------------------------------------------------------------------------

[2020-09-30 16:56:41 #1 store] 
Database 'C:\Users\jipurlom\git\BetsJon2021\src\main\resources\bets.temp' has been recovered (tr. 630-641)

[2020-09-30 16:56:41 #2 store] 
Database 'C:\Users\jipurlom\git\BetsJon2021\src\main\resources\bets.temp' is opened by 4548@U110603

[2020-09-30 16:56:41 #3 type] 
Type domain.Question is not enhanced.

[2020-09-30 16:56:41 #4 type] 
Type domain.Event is not enhanced.

------------------------------------------------------------------------------------------------------------------------

[2020-09-30 16:57:23 #1 store] 
Database 'C:\Users\jipurlom\git\BetsJon2021\src\main\resources\bets.temp' has been recovered (tr. 642-653)

[2020-09-30 16:57:23 #2 store] 
Database 'C:\Users\jipurlom\git\BetsJon2021\src\main\resources\bets.temp' is opened by 3248@U110603

[2020-09-30 16:57:23 #3 type] 
Type domain.Question is not enhanced.

[2020-09-30 16:57:23 #4 type] 
Type domain.Event is not enhanced.

------------------------------------------------------------------------------------------------------------------------

[2020-09-30 16:58:32 #1 store] 
Database 'C:\Users\jipurlom\git\BetsJon2021\src\main\resources\bets.temp' has been recovered (tr. 654-665)

[2020-09-30 16:58:32 #2 store] 
Database 'C:\Users\jipurlom\git\BetsJon2021\src\main\resources\bets.temp' is opened by 7944@U110603

[2020-09-30 16:58:32 #3 type] 
Type domain.Question is not enhanced.

[2020-09-30 16:58:32 #4 type] 
Type domain.Event is not enhanced.

------------------------------------------------------------------------------------------------------------------------

[2020-09-30 17:16:31 #1 store] 
Database 'C:\Users\jipurlom\git\BetsJon2021\src\main\resources\bets.temp' has been recovered (tr. 666-677)

[2020-09-30 17:16:31 #2 store] 
Database 'C:\Users\jipurlom\git\BetsJon2021\src\main\resources\bets.temp' is opened by 8508@U110603

[2020-09-30 17:16:31 #3 type] 
Type domain.Question is not enhanced.

[2020-09-30 17:16:31 #4 type] 
Type domain.Event is not enhanced.

------------------------------------------------------------------------------------------------------------------------

[2020-09-30 17:19:25 #1 store] 
Database 'C:\Users\jipurlom\git\BetsJon2021\src\main\resources\bets.temp' has been recovered (tr. 678-689)

[2020-09-30 17:19:25 #2 store] 
Database 'C:\Users\jipurlom\git\BetsJon2021\src\main\resources\bets.temp' is opened by 7600@U110603

[2020-09-30 17:19:25 #3 type] 
Type domain.Question is not enhanced.

[2020-09-30 17:19:25 #4 type] 
Type domain.Event is not enhanced.

------------------------------------------------------------------------------------------------------------------------

[2020-09-30 17:21:14 #1 store] 
Database 'C:\Users\jipurlom\git\BetsJon2021\src\main\resources\bets.temp' has been recovered (tr. 690-701)

[2020-09-30 17:21:14 #2 store] 
Database 'C:\Users\jipurlom\git\BetsJon2021\src\main\resources\bets.temp' is opened by 11516@U110603

[2020-09-30 17:21:14 #3 type] 
Type domain.Question is not enhanced.

[2020-09-30 17:21:14 #4 type] 
Type domain.Event is not enhanced.

------------------------------------------------------------------------------------------------------------------------

[2020-09-30 17:22:12 #1 store] 
Database 'C:\Users\jipurlom\git\BetsJon2021\src\main\resources\bets.temp' has been recovered (tr. 702-713)

[2020-09-30 17:22:12 #2 store] 
Database 'C:\Users\jipurlom\git\BetsJon2021\src\main\resources\bets.temp' is opened by 16020@U110603

[2020-09-30 17:22:12 #3 type] 
Type domain.Question is not enhanced.

[2020-09-30 17:22:12 #4 type] 
Type domain.Event is not enhanced.

------------------------------------------------------------------------------------------------------------------------

[2020-09-30 17:41:11 #1 store] 
Database 'C:\Users\jipurlom\git\BetsJon2021\src\main\resources\bets.temp' has been recovered (tr. 714-725)

[2020-09-30 17:41:12 #2 store] 
Database 'C:\Users\jipurlom\git\BetsJon2021\src\main\resources\bets.temp' is opened by 15480@U110603

[2020-09-30 17:41:12 #3 type] 
Type domain.Question is not enhanced.

[2020-09-30 17:41:12 #4 type] 
Type domain.Event is not enhanced.

------------------------------------------------------------------------------------------------------------------------

[2020-09-30 19:05:42 #1 store] 
Database 'C:\Users\jipurlom\ownCloud\IS2\Curso_2021\BetsJon2021\src\main\resources\bets.temp' has been recovered (tr. 726-737)

[2020-09-30 19:05:42 #2 store] 
Database 'C:\Users\jipurlom\ownCloud\IS2\Curso_2021\BetsJon2021\src\main\resources\bets.temp' is opened by 8068@U110603

[2020-09-30 19:05:42 #3 type] 
Type domain.Question is not enhanced.

[2020-09-30 19:05:42 #4 type] 
Type domain.Event is not enhanced.

------------------------------------------------------------------------------------------------------------------------

[2020-09-30 22:00:29 #1 store] 
Database 'C:\Users\jipurlom\ownCloud\IS2\Curso_2021\BetsJon2021\src\main\resources\bets.temp' has been recovered (tr. 738-749)

[2020-09-30 22:00:29 #2 store] 
Database 'C:\Users\jipurlom\ownCloud\IS2\Curso_2021\BetsJon2021\src\main\resources\bets.temp' is opened by 2564@U110603

[2020-09-30 22:00:29 #3 type] 
Type domain.Question is not enhanced.

[2020-09-30 22:00:29 #4 type] 
Type domain.Event is not enhanced.

------------------------------------------------------------------------------------------------------------------------

[2020-09-30 22:10:51 #1 store] 
Database 'C:\Users\jipurlom\ownCloud\IS2\Curso_2021\BetsJon2021\src\main\resources\bets.temp' has been recovered (tr. 750-761)

[2020-09-30 22:10:51 #2 store] 
Database 'C:\Users\jipurlom\ownCloud\IS2\Curso_2021\BetsJon2021\src\main\resources\bets.temp' is opened by 10564@U110603

[2020-09-30 22:10:51 #3 type] 
Type domain.Question is not enhanced.

[2020-09-30 22:10:51 #4 type] 
Type domain.Event is not enhanced.

------------------------------------------------------------------------------------------------------------------------

[2020-09-30 22:15:40 #1 store] 
Database 'C:\Users\jipurlom\ownCloud\IS2\Curso_2021\BetsJon2021\src\main\resources\bets.temp' has been recovered (tr. 762-773)

[2020-09-30 22:15:40 #2 store] 
Database 'C:\Users\jipurlom\ownCloud\IS2\Curso_2021\BetsJon2021\src\main\resources\bets.temp' is opened by 13852@U110603

[2020-09-30 22:15:40 #3 type] 
Type domain.Question is not enhanced.

[2020-09-30 22:15:40 #4 type] 
Type domain.Event is not enhanced.

------------------------------------------------------------------------------------------------------------------------

[2020-09-30 22:16:27 #1 store] 
Database 'C:\Users\jipurlom\ownCloud\IS2\Curso_2021\BetsJon2021\src\main\resources\bets.temp' is opened by 3776@U110603

[2020-09-30 22:16:27 #2 type] 
Type domain.Question is not enhanced.

[2020-09-30 22:16:27 #3 type] 
Type domain.Event is not enhanced.

