------------------------------------------------------------------------------------------------------------------------

[2020-10-01 09:06:44 #1 store] 
Database 'C:\Users\jipurlom\ownCloud\IS2\Curso_2021\BetsJon2021\src\main\resources\bets.temp' has been recovered (tr. 774-785)

[2020-10-01 09:06:44 #2 store] 
Database 'C:\Users\jipurlom\ownCloud\IS2\Curso_2021\BetsJon2021\src\main\resources\bets.temp' is opened by 14024@U110603

[2020-10-01 09:06:44 #3 type] 
Type domain.Question is not enhanced.

[2020-10-01 09:06:44 #4 type] 
Type domain.Event is not enhanced.

------------------------------------------------------------------------------------------------------------------------

[2020-10-01 09:18:00 #1 store] 
Database 'C:\Users\jipurlom\ownCloud\IS2\Curso_2021\BetsJon2021\src\main\resources\bets.temp' has been recovered (tr. 786-797)

[2020-10-01 09:18:01 #2 store] 
Database 'C:\Users\jipurlom\ownCloud\IS2\Curso_2021\BetsJon2021\src\main\resources\bets.temp' is opened by 7964@U110603

[2020-10-01 09:18:01 #3 type] 
Type domain.Question is not enhanced.

[2020-10-01 09:18:01 #4 type] 
Type domain.Event is not enhanced.

------------------------------------------------------------------------------------------------------------------------

[2020-10-01 09:19:52 #1 store] 
Database 'C:\Users\jipurlom\ownCloud\IS2\Curso_2021\BetsJon2021\src\main\resources\bets.temp' has been recovered (tr. 798-809)

[2020-10-01 09:19:53 #2 store] 
Database 'C:\Users\jipurlom\ownCloud\IS2\Curso_2021\BetsJon2021\src\main\resources\bets.temp' is opened by 5380@U110603

[2020-10-01 09:19:53 #3 type] 
Type domain.Question is not enhanced.

[2020-10-01 09:19:53 #4 type] 
Type domain.Event is not enhanced.

------------------------------------------------------------------------------------------------------------------------

[2020-10-01 09:21:48 #1 store] 
Database 'C:\Users\jipurlom\ownCloud\IS2\Curso_2021\BetsJon2021\src\main\resources\bets.temp' has been recovered (tr. 810-821)

[2020-10-01 09:21:48 #2 store] 
Database 'C:\Users\jipurlom\ownCloud\IS2\Curso_2021\BetsJon2021\src\main\resources\bets.temp' is opened by 16172@U110603

[2020-10-01 09:21:48 #3 type] 
Type domain.Question is not enhanced.

[2020-10-01 09:21:48 #4 type] 
Type domain.Event is not enhanced.

------------------------------------------------------------------------------------------------------------------------

[2020-10-01 09:23:13 #1 store] 
Database 'C:\Users\jipurlom\ownCloud\IS2\Curso_2021\BetsJon2021\src\main\resources\bets.temp' has been recovered (tr. 822-833)

[2020-10-01 09:23:13 #2 store] 
Database 'C:\Users\jipurlom\ownCloud\IS2\Curso_2021\BetsJon2021\src\main\resources\bets.temp' is opened by 14432@U110603

[2020-10-01 09:23:14 #3 type] 
Type domain.Question is not enhanced.

[2020-10-01 09:23:14 #4 type] 
Type domain.Event is not enhanced.

------------------------------------------------------------------------------------------------------------------------

[2020-10-01 17:43:47 #1 store] 
Database 'C:\Users\jipurlom\ownCloud\IS2\Curso_2021\BetsJon2021\src\main\resources\bets.temp' has been recovered (tr. 858-869)

[2020-10-01 17:43:47 #2 store] 
Database 'C:\Users\jipurlom\ownCloud\IS2\Curso_2021\BetsJon2021\src\main\resources\bets.temp' is opened by 16292@U110603

[2020-10-01 17:43:47 #3 type] 
Type domain.Question is not enhanced.

[2020-10-01 17:43:48 #4 type] 
Type domain.Event is not enhanced.

------------------------------------------------------------------------------------------------------------------------

[2020-10-01 17:44:00 #1 store] 
Database 'C:\Users\jipurlom\ownCloud\IS2\Curso_2021\BetsJon2021\src\main\resources\bets.temp' has been recovered (tr. 870-881)

[2020-10-01 17:44:00 #2 store] 
Database 'C:\Users\jipurlom\ownCloud\IS2\Curso_2021\BetsJon2021\src\main\resources\bets.temp' is opened by 14940@U110603

[2020-10-01 17:44:00 #3 type] 
Type domain.Question is not enhanced.

[2020-10-01 17:44:00 #4 type] 
Type domain.Event is not enhanced.

------------------------------------------------------------------------------------------------------------------------

[2020-10-01 19:53:11 #1 store] 
Database 'C:\Users\jipurlom\ownCloud\IS2\Curso_2021\BetsJon2021\src\main\resources\bets.temp' has been recovered (tr. 918-923)

[2020-10-01 19:53:11 #2 store] 
Database 'C:\Users\jipurlom\ownCloud\IS2\Curso_2021\BetsJon2021\src\main\resources\bets.temp' is opened by 13812@U110603

[2020-10-01 19:53:11 #3 type] 
Type domain.Question is not enhanced.

[2020-10-01 19:53:11 #4 type] 
Type domain.Event is not enhanced.

------------------------------------------------------------------------------------------------------------------------

[2020-10-01 19:53:46 #1 store] 
Database 'C:\Users\jipurlom\ownCloud\IS2\Curso_2021\BetsJon2021\src\main\resources\bets.temp' has been recovered (tr. 924-929)

[2020-10-01 19:53:46 #2 store] 
Database 'C:\Users\jipurlom\ownCloud\IS2\Curso_2021\BetsJon2021\src\main\resources\bets.temp' is opened by 15152@U110603

[2020-10-01 19:53:46 #3 type] 
Type domain.Question is not enhanced.

[2020-10-01 19:53:46 #4 type] 
Type domain.Event is not enhanced.

------------------------------------------------------------------------------------------------------------------------

[2020-10-01 19:54:25 #1 store] 
Database 'C:\Users\jipurlom\ownCloud\IS2\Curso_2021\BetsJon2021\src\main\resources\bets.temp' has been recovered (tr. 930-935)

[2020-10-01 19:54:25 #2 store] 
Database 'C:\Users\jipurlom\ownCloud\IS2\Curso_2021\BetsJon2021\src\main\resources\bets.temp' is opened by 9764@U110603

[2020-10-01 19:54:25 #3 type] 
Type domain.Question is not enhanced.

[2020-10-01 19:54:25 #4 type] 
Type domain.Event is not enhanced.

